[0.012s] Invoking command in '/home/ved_oswal/moveit_ws/src/build/my_robot_description': CMAKE_PREFIX_PATH=${CMAKE_PREFIX_PATH}:/opt/ros/jazzy DEBUGINFOD_URLS=https://debuginfod.ubuntu.com /usr/bin/cmake /home/ved_oswal/moveit_ws/src/my_robot_description -DCMAKE_INSTALL_PREFIX=/home/ved_oswal/moveit_ws/src/install/my_robot_description
[0.108s] -- The C compiler identification is GNU 13.3.0
[0.171s] -- The CXX compiler identification is GNU 13.3.0
[0.186s] -- Detecting C compiler ABI info
[0.257s] -- Detecting C compiler ABI info - done
[0.264s] -- Check for working C compiler: /usr/bin/cc - skipped
[0.264s] -- Detecting C compile features
[0.265s] -- Detecting C compile features - done
[0.272s] -- Detecting CXX compiler ABI info
[0.364s] -- Detecting CXX compiler ABI info - done
[0.372s] -- Check for working CXX compiler: /usr/bin/c++ - skipped
[0.372s] -- Detecting CXX compile features
[0.373s] -- Detecting CXX compile features - done
[0.389s] -- Found ament_cmake: 2.5.6 (/opt/ros/jazzy/share/ament_cmake/cmake)
[0.511s] -- Found Python3: /usr/bin/python3 (found version "3.12.3") found components: Interpreter 
[0.693s] -- Configuring done (0.7s)
[0.695s] -- Generating done (0.0s)
[0.696s] -- Build files have been written to: /home/ved_oswal/moveit_ws/src/build/my_robot_description
[0.699s] Invoked command in '/home/ved_oswal/moveit_ws/src/build/my_robot_description' returned '0': CMAKE_PREFIX_PATH=${CMAKE_PREFIX_PATH}:/opt/ros/jazzy DEBUGINFOD_URLS=https://debuginfod.ubuntu.com /usr/bin/cmake /home/ved_oswal/moveit_ws/src/my_robot_description -DCMAKE_INSTALL_PREFIX=/home/ved_oswal/moveit_ws/src/install/my_robot_description
[0.700s] Invoking command in '/home/ved_oswal/moveit_ws/src/build/my_robot_description': CMAKE_PREFIX_PATH=${CMAKE_PREFIX_PATH}:/opt/ros/jazzy DEBUGINFOD_URLS=https://debuginfod.ubuntu.com /usr/bin/cmake --build /home/ved_oswal/moveit_ws/src/build/my_robot_description -- -j12 -l12
[0.730s] Invoked command in '/home/ved_oswal/moveit_ws/src/build/my_robot_description' returned '0': CMAKE_PREFIX_PATH=${CMAKE_PREFIX_PATH}:/opt/ros/jazzy DEBUGINFOD_URLS=https://debuginfod.ubuntu.com /usr/bin/cmake --build /home/ved_oswal/moveit_ws/src/build/my_robot_description -- -j12 -l12
[0.737s] Invoking command in '/home/ved_oswal/moveit_ws/src/build/my_robot_description': CMAKE_PREFIX_PATH=${CMAKE_PREFIX_PATH}:/opt/ros/jazzy DEBUGINFOD_URLS=https://debuginfod.ubuntu.com /usr/bin/cmake --install /home/ved_oswal/moveit_ws/src/build/my_robot_description
[0.743s] -- Install configuration: ""
[0.743s] -- Installing: /home/ved_oswal/moveit_ws/src/install/my_robot_description/share/my_robot_description/launch
[0.743s] -- Installing: /home/ved_oswal/moveit_ws/src/install/my_robot_description/share/my_robot_description/launch/display.launch.xml
[0.744s] -- Installing: /home/ved_oswal/moveit_ws/src/install/my_robot_description/share/my_robot_description/rviz
[0.744s] -- Installing: /home/ved_oswal/moveit_ws/src/install/my_robot_description/share/my_robot_description/rviz/urdf_config.rviz
[0.744s] -- Installing: /home/ved_oswal/moveit_ws/src/install/my_robot_description/share/my_robot_description/urdf
[0.744s] -- Installing: /home/ved_oswal/moveit_ws/src/install/my_robot_description/share/my_robot_description/urdf/arm.xacro
[0.744s] -- Installing: /home/ved_oswal/moveit_ws/src/install/my_robot_description/share/my_robot_description/urdf/my_robot.urdf.xacro
[0.744s] -- Installing: /home/ved_oswal/moveit_ws/src/install/my_robot_description/share/my_robot_description/urdf/common_properties.xacro
[0.744s] -- Installing: /home/ved_oswal/moveit_ws/src/install/my_robot_description/share/my_robot_description/urdf/gripper.xacro
[0.745s] -- Installing: /home/ved_oswal/moveit_ws/src/install/my_robot_description/share/ament_index/resource_index/package_run_dependencies/my_robot_description
[0.745s] -- Installing: /home/ved_oswal/moveit_ws/src/install/my_robot_description/share/ament_index/resource_index/parent_prefix_path/my_robot_description
[0.745s] -- Installing: /home/ved_oswal/moveit_ws/src/install/my_robot_description/share/my_robot_description/environment/ament_prefix_path.sh
[0.745s] -- Installing: /home/ved_oswal/moveit_ws/src/install/my_robot_description/share/my_robot_description/environment/ament_prefix_path.dsv
[0.745s] -- Installing: /home/ved_oswal/moveit_ws/src/install/my_robot_description/share/my_robot_description/environment/path.sh
[0.745s] -- Installing: /home/ved_oswal/moveit_ws/src/install/my_robot_description/share/my_robot_description/environment/path.dsv
[0.745s] -- Installing: /home/ved_oswal/moveit_ws/src/install/my_robot_description/share/my_robot_description/local_setup.bash
[0.745s] -- Installing: /home/ved_oswal/moveit_ws/src/install/my_robot_description/share/my_robot_description/local_setup.sh
[0.745s] -- Installing: /home/ved_oswal/moveit_ws/src/install/my_robot_description/share/my_robot_description/local_setup.zsh
[0.745s] -- Installing: /home/ved_oswal/moveit_ws/src/install/my_robot_description/share/my_robot_description/local_setup.dsv
[0.746s] -- Installing: /home/ved_oswal/moveit_ws/src/install/my_robot_description/share/my_robot_description/package.dsv
[0.746s] -- Installing: /home/ved_oswal/moveit_ws/src/install/my_robot_description/share/ament_index/resource_index/packages/my_robot_description
[0.746s] -- Installing: /home/ved_oswal/moveit_ws/src/install/my_robot_description/share/my_robot_description/cmake/my_robot_descriptionConfig.cmake
[0.746s] -- Installing: /home/ved_oswal/moveit_ws/src/install/my_robot_description/share/my_robot_description/cmake/my_robot_descriptionConfig-version.cmake
[0.746s] -- Installing: /home/ved_oswal/moveit_ws/src/install/my_robot_description/share/my_robot_description/package.xml
[0.748s] Invoked command in '/home/ved_oswal/moveit_ws/src/build/my_robot_description' returned '0': CMAKE_PREFIX_PATH=${CMAKE_PREFIX_PATH}:/opt/ros/jazzy DEBUGINFOD_URLS=https://debuginfod.ubuntu.com /usr/bin/cmake --install /home/ved_oswal/moveit_ws/src/build/my_robot_description
